{"C:\\Users\\Nacho Bono\\Desktop\\UDEMY\\REACT Y TYPESCRIPT\\rest_api_node_ts_server\\src\\router.ts": {"path":"C:\\Users\\Nacho Bono\\Desktop\\UDEMY\\REACT Y TYPESCRIPT\\rest_api_node_ts_server\\src\\router.ts","statementMap":{"0":{"start":{"line":1,"column":0},"end":{"line":1,"column":32}},"1":{"start":{"line":2,"column":0},"end":{"line":2,"column":47}},"2":{"start":{"line":3,"column":0},"end":{"line":3,"column":130}},"3":{"start":{"line":4,"column":0},"end":{"line":4,"column":48}},"4":{"start":{"line":6,"column":15},"end":{"line":6,"column":23}},"5":{"start":{"line":8,"column":0},"end":{"line":10,"column":null}},"6":{"start":{"line":12,"column":0},"end":{"line":16,"column":null}},"7":{"start":{"line":18,"column":0},"end":{"line":28,"column":null}},"8":{"start":{"line":25,"column":27},"end":{"line":25,"column":36}},"9":{"start":{"line":31,"column":0},"end":{"line":43,"column":null}},"10":{"start":{"line":38,"column":27},"end":{"line":38,"column":36}},"11":{"start":{"line":46,"column":0},"end":{"line":53,"column":null}},"12":{"start":{"line":55,"column":0},"end":{"line":60,"column":null}},"13":{"start":{"line":66,"column":0},"end":{"line":66,"column":null}}},"fnMap":{"0":{"name":"(anonymous_0)","decl":{"start":{"line":25,"column":16},"end":{"line":25,"column":17}},"loc":{"start":{"line":25,"column":27},"end":{"line":25,"column":36}}},"1":{"name":"(anonymous_1)","decl":{"start":{"line":38,"column":16},"end":{"line":38,"column":17}},"loc":{"start":{"line":38,"column":27},"end":{"line":38,"column":36}}}},"branchMap":{},"s":{"0":2,"1":2,"2":2,"3":2,"4":2,"5":2,"6":2,"7":2,"8":4,"9":2,"10":1,"11":2,"12":2,"13":2},"f":{"0":4,"1":1},"b":{}}
,"C:\\Users\\Nacho Bono\\Desktop\\UDEMY\\REACT Y TYPESCRIPT\\rest_api_node_ts_server\\src\\server.ts": {"path":"C:\\Users\\Nacho Bono\\Desktop\\UDEMY\\REACT Y TYPESCRIPT\\rest_api_node_ts_server\\src\\server.ts","statementMap":{"0":{"start":{"line":1,"column":0},"end":{"line":1,"column":29}},"1":{"start":{"line":2,"column":0},"end":{"line":2,"column":27}},"2":{"start":{"line":4,"column":0},"end":{"line":4,"column":29}},"3":{"start":{"line":5,"column":0},"end":{"line":5,"column":28}},"4":{"start":{"line":9,"column":4},"end":{"line":17,"column":5}},"5":{"start":{"line":10,"column":8},"end":{"line":10,"column":null}},"6":{"start":{"line":11,"column":8},"end":{"line":11,"column":null}},"7":{"start":{"line":16,"column":8},"end":{"line":16,"column":null}},"8":{"start":{"line":20,"column":0},"end":{"line":20,"column":null}},"9":{"start":{"line":23,"column":15},"end":{"line":23,"column":24}},"10":{"start":{"line":26,"column":0},"end":{"line":26,"column":null}},"11":{"start":{"line":28,"column":0},"end":{"line":28,"column":null}},"12":{"start":{"line":30,"column":0},"end":{"line":34,"column":null}},"13":{"start":{"line":31,"column":4},"end":{"line":31,"column":null}},"14":{"start":{"line":37,"column":0},"end":{"line":37,"column":null}}},"fnMap":{"0":{"name":"connectDb","decl":{"start":{"line":8,"column":15},"end":{"line":8,"column":24}},"loc":{"start":{"line":8,"column":24},"end":{"line":18,"column":null}}},"1":{"name":"(anonymous_10)","decl":{"start":{"line":30,"column":19},"end":{"line":30,"column":20}},"loc":{"start":{"line":30,"column":31},"end":{"line":34,"column":1}}}},"branchMap":{},"s":{"0":2,"1":2,"2":2,"3":2,"4":2,"5":2,"6":1,"7":0,"8":2,"9":2,"10":2,"11":2,"12":2,"13":1,"14":2},"f":{"0":2,"1":1},"b":{}}
,"C:\\Users\\Nacho Bono\\Desktop\\UDEMY\\REACT Y TYPESCRIPT\\rest_api_node_ts_server\\src\\config\\db.ts": {"path":"C:\\Users\\Nacho Bono\\Desktop\\UDEMY\\REACT Y TYPESCRIPT\\rest_api_node_ts_server\\src\\config\\db.ts","statementMap":{"0":{"start":{"line":1,"column":0},"end":{"line":1,"column":49}},"1":{"start":{"line":2,"column":0},"end":{"line":2,"column":27}},"2":{"start":{"line":3,"column":0},"end":{"line":3,"column":null}},"3":{"start":{"line":5,"column":11},"end":{"line":8,"column":2}},"4":{"start":{"line":10,"column":0},"end":{"line":10,"column":null}}},"fnMap":{},"branchMap":{},"s":{"0":2,"1":2,"2":2,"3":2,"4":2},"f":{},"b":{}}
,"C:\\Users\\Nacho Bono\\Desktop\\UDEMY\\REACT Y TYPESCRIPT\\rest_api_node_ts_server\\src\\handlers\\product.ts": {"path":"C:\\Users\\Nacho Bono\\Desktop\\UDEMY\\REACT Y TYPESCRIPT\\rest_api_node_ts_server\\src\\handlers\\product.ts","statementMap":{"0":{"start":{"line":2,"column":0},"end":{"line":2,"column":45}},"1":{"start":{"line":4,"column":29},"end":{"line":13,"column":null}},"2":{"start":{"line":4,"column":67},"end":{"line":13,"column":null}},"3":{"start":{"line":6,"column":4},"end":{"line":11,"column":5}},"4":{"start":{"line":7,"column":24},"end":{"line":7,"column":54}},"5":{"start":{"line":8,"column":8},"end":{"line":8,"column":48}},"6":{"start":{"line":10,"column":8},"end":{"line":10,"column":null}},"7":{"start":{"line":4,"column":13},"end":{"line":4,"column":29}},"8":{"start":{"line":15,"column":27},"end":{"line":31,"column":null}},"9":{"start":{"line":15,"column":65},"end":{"line":31,"column":null}},"10":{"start":{"line":17,"column":4},"end":{"line":29,"column":5}},"11":{"start":{"line":19,"column":25},"end":{"line":24,"column":10}},"12":{"start":{"line":25,"column":8},"end":{"line":25,"column":null}},"13":{"start":{"line":28,"column":8},"end":{"line":28,"column":null}},"14":{"start":{"line":15,"column":13},"end":{"line":15,"column":27}},"15":{"start":{"line":33,"column":31},"end":{"line":50,"column":null}},"16":{"start":{"line":33,"column":69},"end":{"line":50,"column":null}},"17":{"start":{"line":34,"column":4},"end":{"line":48,"column":5}},"18":{"start":{"line":35,"column":23},"end":{"line":35,"column":33}},"19":{"start":{"line":36,"column":24},"end":{"line":36,"column":50}},"20":{"start":{"line":38,"column":8},"end":{"line":42,"column":9}},"21":{"start":{"line":39,"column":12},"end":{"line":41,"column":null}},"22":{"start":{"line":44,"column":8},"end":{"line":44,"column":null}},"23":{"start":{"line":47,"column":8},"end":{"line":47,"column":null}},"24":{"start":{"line":33,"column":13},"end":{"line":33,"column":31}},"25":{"start":{"line":52,"column":29},"end":{"line":72,"column":null}},"26":{"start":{"line":52,"column":67},"end":{"line":72,"column":null}},"27":{"start":{"line":53,"column":4},"end":{"line":71,"column":5}},"28":{"start":{"line":54,"column":23},"end":{"line":54,"column":33}},"29":{"start":{"line":55,"column":24},"end":{"line":55,"column":50}},"30":{"start":{"line":57,"column":8},"end":{"line":61,"column":9}},"31":{"start":{"line":58,"column":12},"end":{"line":60,"column":null}},"32":{"start":{"line":64,"column":8},"end":{"line":64,"column":null}},"33":{"start":{"line":65,"column":8},"end":{"line":65,"column":null}},"34":{"start":{"line":67,"column":8},"end":{"line":67,"column":null}},"35":{"start":{"line":70,"column":8},"end":{"line":70,"column":null}},"36":{"start":{"line":52,"column":13},"end":{"line":52,"column":29}},"37":{"start":{"line":74,"column":34},"end":{"line":95,"column":null}},"38":{"start":{"line":74,"column":72},"end":{"line":95,"column":null}},"39":{"start":{"line":75,"column":4},"end":{"line":94,"column":5}},"40":{"start":{"line":76,"column":23},"end":{"line":76,"column":33}},"41":{"start":{"line":77,"column":24},"end":{"line":77,"column":50}},"42":{"start":{"line":79,"column":8},"end":{"line":83,"column":9}},"43":{"start":{"line":80,"column":12},"end":{"line":82,"column":null}},"44":{"start":{"line":87,"column":8},"end":{"line":87,"column":null}},"45":{"start":{"line":88,"column":8},"end":{"line":88,"column":null}},"46":{"start":{"line":90,"column":8},"end":{"line":90,"column":null}},"47":{"start":{"line":93,"column":8},"end":{"line":93,"column":null}},"48":{"start":{"line":74,"column":13},"end":{"line":74,"column":34}},"49":{"start":{"line":97,"column":29},"end":{"line":112,"column":null}},"50":{"start":{"line":97,"column":67},"end":{"line":112,"column":null}},"51":{"start":{"line":99,"column":19},"end":{"line":99,"column":29}},"52":{"start":{"line":100,"column":20},"end":{"line":100,"column":46}},"53":{"start":{"line":102,"column":4},"end":{"line":106,"column":5}},"54":{"start":{"line":103,"column":8},"end":{"line":105,"column":null}},"55":{"start":{"line":109,"column":4},"end":{"line":109,"column":null}},"56":{"start":{"line":110,"column":4},"end":{"line":110,"column":null}},"57":{"start":{"line":97,"column":13},"end":{"line":97,"column":29}}},"fnMap":{"0":{"name":"(anonymous_8)","decl":{"start":{"line":4,"column":29},"end":{"line":4,"column":36}},"loc":{"start":{"line":4,"column":67},"end":{"line":13,"column":null}}},"1":{"name":"(anonymous_9)","decl":{"start":{"line":4,"column":67},"end":{"line":4,"column":null}},"loc":{"start":{"line":4,"column":67},"end":{"line":13,"column":1}}},"2":{"name":"(anonymous_10)","decl":{"start":{"line":15,"column":27},"end":{"line":15,"column":34}},"loc":{"start":{"line":15,"column":65},"end":{"line":31,"column":null}}},"3":{"name":"(anonymous_11)","decl":{"start":{"line":15,"column":65},"end":{"line":15,"column":null}},"loc":{"start":{"line":15,"column":65},"end":{"line":31,"column":1}}},"4":{"name":"(anonymous_12)","decl":{"start":{"line":33,"column":31},"end":{"line":33,"column":38}},"loc":{"start":{"line":33,"column":69},"end":{"line":50,"column":null}}},"5":{"name":"(anonymous_13)","decl":{"start":{"line":33,"column":69},"end":{"line":33,"column":null}},"loc":{"start":{"line":33,"column":69},"end":{"line":50,"column":1}}},"6":{"name":"(anonymous_14)","decl":{"start":{"line":52,"column":29},"end":{"line":52,"column":36}},"loc":{"start":{"line":52,"column":67},"end":{"line":72,"column":null}}},"7":{"name":"(anonymous_15)","decl":{"start":{"line":52,"column":67},"end":{"line":52,"column":null}},"loc":{"start":{"line":52,"column":67},"end":{"line":72,"column":1}}},"8":{"name":"(anonymous_16)","decl":{"start":{"line":74,"column":34},"end":{"line":74,"column":41}},"loc":{"start":{"line":74,"column":72},"end":{"line":95,"column":null}}},"9":{"name":"(anonymous_17)","decl":{"start":{"line":74,"column":72},"end":{"line":74,"column":null}},"loc":{"start":{"line":74,"column":72},"end":{"line":95,"column":1}}},"10":{"name":"(anonymous_18)","decl":{"start":{"line":97,"column":29},"end":{"line":97,"column":36}},"loc":{"start":{"line":97,"column":67},"end":{"line":112,"column":null}}},"11":{"name":"(anonymous_19)","decl":{"start":{"line":97,"column":67},"end":{"line":97,"column":null}},"loc":{"start":{"line":97,"column":67},"end":{"line":112,"column":1}}}},"branchMap":{"0":{"loc":{"start":{"line":38,"column":8},"end":{"line":42,"column":9}},"type":"if","locations":[{"start":{"line":38,"column":8},"end":{"line":42,"column":9}}]},"1":{"loc":{"start":{"line":57,"column":8},"end":{"line":61,"column":9}},"type":"if","locations":[{"start":{"line":57,"column":8},"end":{"line":61,"column":9}}]},"2":{"loc":{"start":{"line":79,"column":8},"end":{"line":83,"column":9}},"type":"if","locations":[{"start":{"line":79,"column":8},"end":{"line":83,"column":9}}]},"3":{"loc":{"start":{"line":102,"column":4},"end":{"line":106,"column":5}},"type":"if","locations":[{"start":{"line":102,"column":4},"end":{"line":106,"column":5}}]}},"s":{"0":2,"1":2,"2":1,"3":1,"4":1,"5":1,"6":0,"7":2,"8":2,"9":2,"10":2,"11":2,"12":2,"13":0,"14":2,"15":2,"16":2,"17":2,"18":2,"19":2,"20":2,"21":1,"22":2,"23":1,"24":2,"25":2,"26":1,"27":1,"28":1,"29":1,"30":0,"31":0,"32":0,"33":0,"34":0,"35":1,"36":2,"37":2,"38":0,"39":0,"40":0,"41":0,"42":0,"43":0,"44":0,"45":0,"46":0,"47":0,"48":2,"49":2,"50":2,"51":2,"52":2,"53":2,"54":1,"55":2,"56":1,"57":2},"f":{"0":1,"1":1,"2":2,"3":2,"4":2,"5":2,"6":1,"7":1,"8":0,"9":0,"10":2,"11":2},"b":{"0":[1],"1":[0],"2":[0],"3":[1]}}
,"C:\\Users\\Nacho Bono\\Desktop\\UDEMY\\REACT Y TYPESCRIPT\\rest_api_node_ts_server\\src\\middleware\\index.ts": {"path":"C:\\Users\\Nacho Bono\\Desktop\\UDEMY\\REACT Y TYPESCRIPT\\rest_api_node_ts_server\\src\\middleware\\index.ts","statementMap":{"0":{"start":{"line":2,"column":0},"end":{"line":2,"column":52}},"1":{"start":{"line":4,"column":33},"end":{"line":14,"column":1}},"2":{"start":{"line":6,"column":17},"end":{"line":6,"column":38}},"3":{"start":{"line":7,"column":4},"end":{"line":11,"column":5}},"4":{"start":{"line":8,"column":8},"end":{"line":10,"column":null}},"5":{"start":{"line":13,"column":4},"end":{"line":13,"column":null}},"6":{"start":{"line":4,"column":13},"end":{"line":4,"column":33}}},"fnMap":{"0":{"name":"(anonymous_0)","decl":{"start":{"line":4,"column":33},"end":{"line":4,"column":34}},"loc":{"start":{"line":4,"column":85},"end":{"line":14,"column":1}}}},"branchMap":{"0":{"loc":{"start":{"line":7,"column":4},"end":{"line":11,"column":5}},"type":"if","locations":[{"start":{"line":7,"column":4},"end":{"line":11,"column":5}}]}},"s":{"0":2,"1":2,"2":11,"3":11,"4":5,"5":6,"6":2},"f":{"0":11},"b":{"0":[5]}}
,"C:\\Users\\Nacho Bono\\Desktop\\UDEMY\\REACT Y TYPESCRIPT\\rest_api_node_ts_server\\src\\models\\Product.model.ts": {"path":"C:\\Users\\Nacho Bono\\Desktop\\UDEMY\\REACT Y TYPESCRIPT\\rest_api_node_ts_server\\src\\models\\Product.model.ts","statementMap":{"0":{"start":{"line":1,"column":0},"end":{"line":1,"column":79}},"1":{"start":{"line":7,"column":0},"end":{"line":23,"column":null}},"2":{"start":{"line":11,"column":12},"end":{"line":11,"column":null}},"3":{"start":{"line":16,"column":12},"end":{"line":16,"column":null}},"4":{"start":{"line":22,"column":12},"end":{"line":22,"column":null}},"5":{"start":{"line":7,"column":6},"end":{"line":23,"column":null}},"6":{"start":{"line":25,"column":0},"end":{"line":25,"column":null}}},"fnMap":{},"branchMap":{},"s":{"0":2,"1":2,"2":2,"3":2,"4":2,"5":2,"6":2},"f":{},"b":{}}
}
