TN:
SF:src\router.ts
FN:25,(anonymous_0)
FN:38,(anonymous_1)
FNF:2
FNH:2
FNDA:4,(anonymous_0)
FNDA:1,(anonymous_1)
DA:1,2
DA:2,2
DA:3,2
DA:4,2
DA:6,2
DA:8,2
DA:12,2
DA:18,2
DA:25,4
DA:31,2
DA:38,1
DA:46,2
DA:55,2
DA:66,2
LF:14
LH:14
BRF:0
BRH:0
end_of_record
TN:
SF:src\server.ts
FN:8,connectDb
FN:30,(anonymous_10)
FNF:2
FNH:2
FNDA:2,connectDb
FNDA:1,(anonymous_10)
DA:1,2
DA:2,2
DA:4,2
DA:5,2
DA:9,2
DA:10,2
DA:11,1
DA:16,0
DA:20,2
DA:23,2
DA:26,2
DA:28,2
DA:30,2
DA:31,1
DA:37,2
LF:15
LH:14
BRF:0
BRH:0
end_of_record
TN:
SF:src\config\db.ts
FNF:0
FNH:0
DA:1,2
DA:2,2
DA:3,2
DA:5,2
DA:10,2
LF:5
LH:5
BRF:0
BRH:0
end_of_record
TN:
SF:src\handlers\product.ts
FN:4,(anonymous_8)
FN:4,(anonymous_9)
FN:15,(anonymous_10)
FN:15,(anonymous_11)
FN:33,(anonymous_12)
FN:33,(anonymous_13)
FN:52,(anonymous_14)
FN:52,(anonymous_15)
FN:74,(anonymous_16)
FN:74,(anonymous_17)
FN:97,(anonymous_18)
FN:97,(anonymous_19)
FNF:12
FNH:10
FNDA:1,(anonymous_8)
FNDA:1,(anonymous_9)
FNDA:2,(anonymous_10)
FNDA:2,(anonymous_11)
FNDA:2,(anonymous_12)
FNDA:2,(anonymous_13)
FNDA:1,(anonymous_14)
FNDA:1,(anonymous_15)
FNDA:0,(anonymous_16)
FNDA:0,(anonymous_17)
FNDA:2,(anonymous_18)
FNDA:2,(anonymous_19)
DA:2,2
DA:4,2
DA:6,1
DA:7,1
DA:8,1
DA:10,0
DA:15,2
DA:17,2
DA:19,2
DA:25,2
DA:28,0
DA:33,2
DA:34,2
DA:35,2
DA:36,2
DA:38,2
DA:39,1
DA:44,2
DA:47,1
DA:52,2
DA:53,1
DA:54,1
DA:55,1
DA:57,0
DA:58,0
DA:64,0
DA:65,0
DA:67,0
DA:70,1
DA:74,2
DA:75,0
DA:76,0
DA:77,0
DA:79,0
DA:80,0
DA:87,0
DA:88,0
DA:90,0
DA:93,0
DA:97,2
DA:99,2
DA:100,2
DA:102,2
DA:103,1
DA:109,2
DA:110,1
LF:46
LH:30
BRDA:38,0,0,1
BRDA:57,1,0,0
BRDA:79,2,0,0
BRDA:102,3,0,1
BRF:4
BRH:2
end_of_record
TN:
SF:src\middleware\index.ts
FN:4,(anonymous_0)
FNF:1
FNH:1
FNDA:11,(anonymous_0)
DA:2,2
DA:4,2
DA:6,11
DA:7,11
DA:8,5
DA:13,6
LF:6
LH:6
BRDA:7,0,0,5
BRF:1
BRH:1
end_of_record
TN:
SF:src\models\Product.model.ts
FNF:0
FNH:0
DA:1,2
DA:7,2
DA:11,2
DA:16,2
DA:22,2
DA:25,2
LF:6
LH:6
BRF:0
BRH:0
end_of_record
